<?xml version="1.0" encoding="UTF-8"?>
<testsuite name="TwoferTest" tests="3" skipped="0" failures="0" errors="0" timestamp="2024-05-04T01:53:37" hostname="LAPTOP-FNJ95PF2" time="0.119">
  <properties/>
  <testcase name="noNameGiven()" classname="TwoferTest" time="0.109"/>
  <testcase name="aNameGiven()" classname="TwoferTest" time="0.002"/>
  <testcase name="anotherNameGiven()" classname="TwoferTest" time="0.002"/>
  <system-out><![CDATA[]]></system-out>
  <system-err><![CDATA[]]></system-err>
</testsuite>
