<?xml version="1.0" encoding="UTF-8"?>
<testsuite name="TwoferTest" tests="3" skipped="0" failures="0" errors="0" timestamp="2024-04-27T04:01:17" hostname="LAPTOP-FNJ95PF2" time="0.084">
  <properties/>
  <testcase name="noNameGiven()" classname="TwoferTest" time="0.076"/>
  <testcase name="aNameGiven()" classname="TwoferTest" time="0.001"/>
  <testcase name="anotherNameGiven()" classname="TwoferTest" time="0.003"/>
  <system-out><![CDATA[]]></system-out>
  <system-err><![CDATA[]]></system-err>
</testsuite>
